<?xml version="1.0" encoding="UTF-8"?>
<!-- Generated by org.testng.reporters.JUnitXMLReporter -->
<testsuite ignored="1" hostname="DESKTOP-V5VRT8O" failures="0" tests="1" name="Default test" time="0.086" errors="0" timestamp="2022-07-15T14:31:47 IST">
  <testcase classname="qaclickacademy1.AppTest" name="BrowserAutomation" time="0.015"/>
  <testcase classname="qaclickacademy1.AppTest" name="elementUi" time="0.0">
    <ignored/>
  </testcase> <!-- elementUi -->
</testsuite> <!-- Default test -->
