<?xml version="1.0" encoding="UTF-8"?>
<!-- Generated by org.testng.reporters.JUnitXMLReporter -->
<testsuite hostname="DESKTOP-V5VRT8O" ignored="0" name="Command line test" tests="6" failures="0" timestamp="2022-07-16T13:43:02 IST" time="0.098" errors="0">
  <testcase name="IOSApps" time="0.008" classname="qaclickacademy1.AppTest"/>
  <testcase name="NativeAPpAndroid" time="0.001" classname="qaclickacademy1.AppTest"/>
  <testcase name="deleteTwitter" time="0.0" classname="qaclickacademy1.RESTAPITest"/>
  <testcase name="postJira" time="0.0" classname="qaclickacademy1.RESTAPITest"/>
  <testcase name="BrowserAutomation" time="0.0" classname="qaclickacademy1.SeleniumTest"/>
  <testcase name="elementUi" time="0.001" classname="qaclickacademy1.SeleniumTest"/>
</testsuite> <!-- Command line test -->
