<?xml version="1.0" encoding="UTF-8"?>
<!-- Generated by org.testng.reporters.JUnitXMLReporter -->
<testsuite hostname="DESKTOP-V5VRT8O" ignored="0" name="Test" tests="4" failures="0" timestamp="2022-07-16T09:33:54 IST" time="0.108" errors="0">
  <testcase name="BrowserAutomation" time="0.014" classname="qaclickacademy1.SeleniumTest"/>
  <testcase name="elementUi" time="0.0" classname="qaclickacademy1.SeleniumTest"/>
  <testcase name="IOSApps" time="0.005" classname="qaclickacademy1.AppTest"/>
  <testcase name="NativeAPpAndroid" time="0.001" classname="qaclickacademy1.AppTest"/>
</testsuite> <!-- Test -->
