<?xml version="1.0" encoding="UTF-8"?>
<testng-results skipped="0" failed="0" ignored="0" total="6" passed="6">
  <reporter-output>
  </reporter-output>
  <suite name="Command line suite" duration-ms="98" started-at="2022-07-16T13:43:02 IST" finished-at="2022-07-16T13:43:02 IST">
    <groups>
    </groups>
    <test name="Command line test" duration-ms="98" started-at="2022-07-16T13:43:02 IST" finished-at="2022-07-16T13:43:02 IST">
      <class name="qaclickacademy1.AppTest">
        <test-method status="PASS" signature="IOSApps()[pri:0, instance:qaclickacademy1.AppTest@2758fe70]" name="IOSApps" duration-ms="8" started-at="2022-07-16T13:43:02 IST" finished-at="2022-07-16T13:43:02 IST">
          <reporter-output>
          </reporter-output>
        </test-method> <!-- IOSApps -->
        <test-method status="PASS" signature="NativeAPpAndroid()[pri:0, instance:qaclickacademy1.AppTest@2758fe70]" name="NativeAPpAndroid" duration-ms="1" started-at="2022-07-16T13:43:02 IST" finished-at="2022-07-16T13:43:02 IST">
          <reporter-output>
          </reporter-output>
        </test-method> <!-- NativeAPpAndroid -->
      </class> <!-- qaclickacademy1.AppTest -->
      <class name="qaclickacademy1.SeleniumTest">
        <test-method status="PASS" signature="BrowserAutomation()[pri:0, instance:qaclickacademy1.SeleniumTest@4973813a]" name="BrowserAutomation" duration-ms="0" started-at="2022-07-16T13:43:02 IST" finished-at="2022-07-16T13:43:02 IST">
          <reporter-output>
          </reporter-output>
        </test-method> <!-- BrowserAutomation -->
        <test-method status="PASS" signature="elementUi()[pri:0, instance:qaclickacademy1.SeleniumTest@4973813a]" name="elementUi" duration-ms="1" started-at="2022-07-16T13:43:02 IST" finished-at="2022-07-16T13:43:02 IST">
          <reporter-output>
          </reporter-output>
        </test-method> <!-- elementUi -->
      </class> <!-- qaclickacademy1.SeleniumTest -->
      <class name="qaclickacademy1.RESTAPITest">
        <test-method status="PASS" signature="deleteTwitter()[pri:0, instance:qaclickacademy1.RESTAPITest@3a883ce7]" name="deleteTwitter" duration-ms="0" started-at="2022-07-16T13:43:02 IST" finished-at="2022-07-16T13:43:02 IST">
          <reporter-output>
          </reporter-output>
        </test-method> <!-- deleteTwitter -->
        <test-method status="PASS" signature="postJira()[pri:0, instance:qaclickacademy1.RESTAPITest@3a883ce7]" name="postJira" duration-ms="0" started-at="2022-07-16T13:43:02 IST" finished-at="2022-07-16T13:43:02 IST">
          <reporter-output>
          </reporter-output>
        </test-method> <!-- postJira -->
      </class> <!-- qaclickacademy1.RESTAPITest -->
    </test> <!-- Command line test -->
  </suite> <!-- Command line suite -->
</testng-results>
