<?xml version="1.0" encoding="UTF-8"?>
<testng-results ignored="1" total="2" passed="1" failed="0" skipped="0">
  <reporter-output>
  </reporter-output>
  <suite started-at="2022-07-15T14:31:47 IST" name="Default suite" finished-at="2022-07-15T14:31:47 IST" duration-ms="86">
    <groups>
    </groups>
    <test started-at="2022-07-15T14:31:47 IST" name="Default test" finished-at="2022-07-15T14:31:47 IST" duration-ms="86">
      <class name="qaclickacademy1.AppTest">
        <test-method signature="BrowserAutomation()[pri:0, instance:qaclickacademy1.AppTest@5939a379]" started-at="2022-07-15T14:31:47 IST" name="BrowserAutomation" finished-at="2022-07-15T14:31:47 IST" duration-ms="15" status="PASS">
          <reporter-output>
          </reporter-output>
        </test-method> <!-- BrowserAutomation -->
      </class> <!-- qaclickacademy1.AppTest -->
    </test> <!-- Default test -->
  </suite> <!-- Default suite -->
</testng-results>
